#
# There is insufficient memory for the Java Runtime Environment to continue.
# Native memory allocation (mmap) failed to map 268435456 bytes for G1 virtual space
# Possible reasons:
#   The system is out of physical RAM or swap space
#   The process is running with CompressedOops enabled, and the Java Heap may be blocking the growth of the native heap
# Possible solutions:
#   Reduce memory load on the system
#   Increase physical memory or swap space
#   Check if swap backing store is full
#   Decrease Java heap size (-Xmx/-Xms)
#   Decrease number of Java threads
#   Decrease Java thread stack sizes (-Xss)
#   Set larger code cache with -XX:ReservedCodeCacheSize=
#   JVM is running with Zero Based Compressed Oops mode in which the Java heap is
#     placed in the first 32GB address space. The Java Heap base address is the
#     maximum limit for the native heap growth. Please use -XX:HeapBaseMinAddress
#     to set the Java Heap base and to place the Java Heap above 32GB virtual address.
# This output file may be truncated or incomplete.
#
#  Out of Memory Error (os_windows.cpp:3548), pid=27944, tid=12388
#
# JRE version:  (17.0.5+8) (build )
# Java VM: OpenJDK 64-Bit Server VM (17.0.5+8, mixed mode, sharing, tiered, compressed oops, compressed class ptrs, g1 gc, windows-amd64)
# No core dump will be written. Minidumps are not enabled by default on client versions of Windows
#

---------------  S U M M A R Y ------------

Command Line: -Dfile.encoding=UTF-8 --module-path=C:\Users\Chema y Bea\Documents\eclipse-workspace\Pg05_EjerciciosPracticos\bin -XX:+ShowCodeDetailsInExceptionMessages -Djdk.module.main=EjerciciosPracticos EjerciciosPracticos/Ejercicios.flotaLetras

Host: AMD Ryzen 5 1600 Six-Core Processor            , 12 cores, 15G,  Windows 10 , 64 bit Build 19041 (10.0.19041.3155)
Time: Thu Sep  7 00:31:12 2023 Hora de verano romance elapsed time: 0.010165 seconds (0d 0h 0m 0s)

---------------  T H R E A D  ---------------

Current thread (0x0000021d641e60c0):  JavaThread "Unknown thread" [_thread_in_vm, id=12388, stack(0x0000004f08100000,0x0000004f08200000)]

Stack: [0x0000004f08100000,0x0000004f08200000]
Native frames: (J=compiled Java code, j=interpreted, Vv=VM code, C=native code)
V  [jvm.dll+0x676b3a]
V  [jvm.dll+0x831444]
V  [jvm.dll+0x832bee]
V  [jvm.dll+0x833253]
V  [jvm.dll+0x244ce5]
V  [jvm.dll+0x673a49]
V  [jvm.dll+0x66811a]
V  [jvm.dll+0x303ceb]
V  [jvm.dll+0x30b1e6]
V  [jvm.dll+0x35adbe]
V  [jvm.dll+0x35afef]
V  [jvm.dll+0x2dab88]
V  [jvm.dll+0x2dbaf4]
V  [jvm.dll+0x803121]
V  [jvm.dll+0x368bb1]
V  [jvm.dll+0x7e265c]
V  [jvm.dll+0x3eb17f]
V  [jvm.dll+0x3eccc1]
C  [jli.dll+0x5267]
C  [ucrtbase.dll+0x21bb2]
C  [KERNEL32.DLL+0x17614]
C  [ntdll.dll+0x526b1]


---------------  P R O C E S S  ---------------

Threads class SMR info:
_java_thread_list=0x00007ffb17562f18, length=0, elements={
}

Java Threads: ( => current thread )

Other Threads:
  0x0000021d64250e40 GCTaskThread "GC Thread#0" [stack: 0x0000004f08200000,0x0000004f08300000] [id=12708]
  0x0000021d64262460 ConcurrentGCThread "G1 Main Marker" [stack: 0x0000004f08300000,0x0000004f08400000] [id=27472]
  0x0000021d64262e70 ConcurrentGCThread "G1 Conc#0" [stack: 0x0000004f08400000,0x0000004f08500000] [id=31684]

[error occurred during error reporting (printing all threads), id 0xc0000005, EXCEPTION_ACCESS_VIOLATION (0xc0000005) at pc=0x00007ffb16d3b617]

VM state: not at safepoint (not fully initialized)

VM Mutex/Monitor currently owned by a thread:  ([mutex/lock_event])
[0x0000021d641e5010] Heap_lock - owner thread: 0x0000021d641e60c0

Heap address: 0x0000000700c00000, size: 4084 MB, Compressed Oops mode: Zero based, Oop shift amount: 3

CDS archive(s) mapped at: [0x0000000000000000-0x0000000000000000-0x0000000000000000), size 0, SharedBaseAddress: 0x0000000800000000, ArchiveRelocationMode: 0.
Narrow klass base: 0x0000000000000000, Narrow klass shift: 0, Narrow klass range: 0x0

GC Precious Log:
<Empty>

Heap:
 garbage-first heap   total 0K, used 0K [0x0000000700c00000, 0x0000000800000000)
  region size 2048K, 0 young (0K), 0 survivors (0K)

[error occurred during error reporting (printing heap information), id 0xc0000005, EXCEPTION_ACCESS_VIOLATION (0xc0000005) at pc=0x00007ffb1711fcb9]

GC Heap History (0 events):
No events

Dll operation events (1 events):
Event: 0.006 Loaded shared library C:\Users\Chema y Bea\.p2\pool\plugins\org.eclipse.justj.openjdk.hotspot.jre.full.win32.x86_64_17.0.5.v20221102-0933\jre\bin\java.dll

Deoptimization events (0 events):
No events

Classes unloaded (0 events):
No events

Classes redefined (0 events):
No events

Internal exceptions (0 events):
No events

VM Operations (0 events):
No events

Events (0 events):
No events


Dynamic libraries:
0x00007ff6ef3d0000 - 0x00007ff6ef3de000 	C:\Users\Chema y Bea\.p2\pool\plugins\org.eclipse.justj.openjdk.hotspot.jre.full.win32.x86_64_17.0.5.v20221102-0933\jre\bin\javaw.exe
0x00007ffb7e090000 - 0x00007ffb7e288000 	C:\WINDOWS\SYSTEM32\ntdll.dll
0x00007ffb7df90000 - 0x00007ffb7e04f000 	C:\WINDOWS\System32\KERNEL32.DLL
0x00007ffb7b9c0000 - 0x00007ffb7bcb6000 	C:\WINDOWS\System32\KERNELBASE.dll
0x00007ffb78df0000 - 0x00007ffb78e81000 	C:\WINDOWS\SYSTEM32\apphelp.dll
0x00007ffb7bff0000 - 0x00007ffb7c0f0000 	C:\WINDOWS\System32\ucrtbase.dll
0x00007ffb74400000 - 0x00007ffb74419000 	C:\Users\Chema y Bea\.p2\pool\plugins\org.eclipse.justj.openjdk.hotspot.jre.full.win32.x86_64_17.0.5.v20221102-0933\jre\bin\VCRUNTIME140.dll
0x00007ffb746a0000 - 0x00007ffb746b7000 	C:\Users\Chema y Bea\.p2\pool\plugins\org.eclipse.justj.openjdk.hotspot.jre.full.win32.x86_64_17.0.5.v20221102-0933\jre\bin\jli.dll
0x00007ffb7c470000 - 0x00007ffb7c60d000 	C:\WINDOWS\System32\USER32.dll
0x00007ffb6cfb0000 - 0x00007ffb6d24a000 	C:\WINDOWS\WinSxS\amd64_microsoft.windows.common-controls_6595b64144ccf1df_6.0.19041.1110_none_60b5254171f9507e\COMCTL32.dll
0x00007ffb7be70000 - 0x00007ffb7be92000 	C:\WINDOWS\System32\win32u.dll
0x00007ffb7cc50000 - 0x00007ffb7cc7c000 	C:\WINDOWS\System32\GDI32.dll
0x00007ffb7cb30000 - 0x00007ffb7cbce000 	C:\WINDOWS\System32\msvcrt.dll
0x00007ffb7b7e0000 - 0x00007ffb7b8f5000 	C:\WINDOWS\System32\gdi32full.dll
0x00007ffb7bea0000 - 0x00007ffb7bf3d000 	C:\WINDOWS\System32\msvcp_win.dll
0x00007ffb7deb0000 - 0x00007ffb7dee0000 	C:\WINDOWS\System32\IMM32.DLL
0x00007ffb774f0000 - 0x00007ffb774fc000 	C:\Users\Chema y Bea\.p2\pool\plugins\org.eclipse.justj.openjdk.hotspot.jre.full.win32.x86_64_17.0.5.v20221102-0933\jre\bin\vcruntime140_1.dll
0x00007ffb4eb20000 - 0x00007ffb4ebb1000 	C:\Users\Chema y Bea\.p2\pool\plugins\org.eclipse.justj.openjdk.hotspot.jre.full.win32.x86_64_17.0.5.v20221102-0933\jre\bin\msvcp140.dll
0x00007ffb16a50000 - 0x00007ffb17694000 	C:\Users\Chema y Bea\.p2\pool\plugins\org.eclipse.justj.openjdk.hotspot.jre.full.win32.x86_64_17.0.5.v20221102-0933\jre\bin\server\jvm.dll
0x00007ffb7c100000 - 0x00007ffb7c1af000 	C:\WINDOWS\System32\ADVAPI32.dll
0x00007ffb7d6b0000 - 0x00007ffb7d74c000 	C:\WINDOWS\System32\sechost.dll
0x00007ffb7c1b0000 - 0x00007ffb7c2d6000 	C:\WINDOWS\System32\RPCRT4.dll
0x00007ffb5caa0000 - 0x00007ffb5caa9000 	C:\WINDOWS\SYSTEM32\WSOCK32.dll
0x00007ffb6eaa0000 - 0x00007ffb6eac7000 	C:\WINDOWS\SYSTEM32\WINMM.dll
0x00007ffb7d5e0000 - 0x00007ffb7d64b000 	C:\WINDOWS\System32\WS2_32.dll
0x00007ffb7a580000 - 0x00007ffb7a58a000 	C:\WINDOWS\SYSTEM32\VERSION.dll
0x00007ffb7a540000 - 0x00007ffb7a552000 	C:\WINDOWS\SYSTEM32\kernel.appcore.dll
0x00007ffb6e8e0000 - 0x00007ffb6e8ea000 	C:\Users\Chema y Bea\.p2\pool\plugins\org.eclipse.justj.openjdk.hotspot.jre.full.win32.x86_64_17.0.5.v20221102-0933\jre\bin\jimage.dll
0x00007ffb6d5a0000 - 0x00007ffb6d784000 	C:\WINDOWS\SYSTEM32\DBGHELP.DLL
0x00007ffb68130000 - 0x00007ffb68164000 	C:\WINDOWS\SYSTEM32\dbgcore.DLL
0x00007ffb7b930000 - 0x00007ffb7b9b2000 	C:\WINDOWS\System32\bcryptPrimitives.dll
0x00007ffb4d3e0000 - 0x00007ffb4d405000 	C:\Users\Chema y Bea\.p2\pool\plugins\org.eclipse.justj.openjdk.hotspot.jre.full.win32.x86_64_17.0.5.v20221102-0933\jre\bin\java.dll

dbghelp: loaded successfully - version: 4.0.5 - missing functions: none
symbol engine: initialized successfully - sym options: 0x614 - pdb path: .;C:\Users\Chema y Bea\.p2\pool\plugins\org.eclipse.justj.openjdk.hotspot.jre.full.win32.x86_64_17.0.5.v20221102-0933\jre\bin;C:\WINDOWS\SYSTEM32;C:\WINDOWS\WinSxS\amd64_microsoft.windows.common-controls_6595b64144ccf1df_6.0.19041.1110_none_60b5254171f9507e;C:\Users\Chema y Bea\.p2\pool\plugins\org.eclipse.justj.openjdk.hotspot.jre.full.win32.x86_64_17.0.5.v20221102-0933\jre\bin\server

VM Arguments:
jvm_args: -Dfile.encoding=UTF-8 --module-path=C:\Users\Chema y Bea\Documents\eclipse-workspace\Pg05_EjerciciosPracticos\bin -XX:+ShowCodeDetailsInExceptionMessages -Djdk.module.main=EjerciciosPracticos 
java_command: EjerciciosPracticos/Ejercicios.flotaLetras
java_class_path (initial): C:\Users\Chema y Bea\Desktop\java\jdk-18.0.2.1\lib;.
Launcher Type: SUN_STANDARD

[Global flags]
     intx CICompilerCount                          = 4                                         {product} {ergonomic}
     uint ConcGCThreads                            = 3                                         {product} {ergonomic}
     uint G1ConcRefinementThreads                  = 10                                        {product} {ergonomic}
   size_t G1HeapRegionSize                         = 2097152                                   {product} {ergonomic}
    uintx GCDrainStackTargetSize                   = 64                                        {product} {ergonomic}
   size_t InitialHeapSize                          = 268435456                                 {product} {ergonomic}
   size_t MarkStackSize                            = 4194304                                   {product} {ergonomic}
   size_t MaxHeapSize                              = 4282384384                                {product} {ergonomic}
   size_t MinHeapDeltaBytes                        = 2097152                                   {product} {ergonomic}
   size_t MinHeapSize                              = 8388608                                   {product} {ergonomic}
    uintx NonNMethodCodeHeapSize                   = 5839372                                {pd product} {ergonomic}
    uintx NonProfiledCodeHeapSize                  = 122909434                              {pd product} {ergonomic}
    uintx ProfiledCodeHeapSize                     = 122909434                              {pd product} {ergonomic}
    uintx ReservedCodeCacheSize                    = 251658240                              {pd product} {ergonomic}
     bool SegmentedCodeCache                       = true                                      {product} {ergonomic}
     bool ShowCodeDetailsInExceptionMessages       = true                                   {manageable} {command line}
   size_t SoftMaxHeapSize                          = 4282384384                             {manageable} {ergonomic}
     bool UseCompressedClassPointers               = true                           {product lp64_product} {ergonomic}
     bool UseCompressedOops                        = true                           {product lp64_product} {ergonomic}
     bool UseG1GC                                  = true                                      {product} {ergonomic}
     bool UseLargePagesIndividualAllocation        = false                                  {pd product} {ergonomic}

Logging:
Log output configuration:
 #0: stdout all=warning uptime,level,tags
 #1: stderr all=off uptime,level,tags

Environment Variables:
CLASSPATH=C:\Users\Chema y Bea\Desktop\java\jdk-18.0.2.1\lib;.
PATH=C:/Users/Chema y Bea/.p2/pool/plugins/org.eclipse.justj.openjdk.hotspot.jre.full.win32.x86_64_17.0.5.v20221102-0933/jre/bin/server;C:/Users/Chema y Bea/.p2/pool/plugins/org.eclipse.justj.openjdk.hotspot.jre.full.win32.x86_64_17.0.5.v20221102-0933/jre/bin;C:\BasedatosOracle\dbhomeXE\bin;C:\oracle\dbhomeXE\bin;C:\app\Chema\product\21c\dbhomeXE\bin;D:\oracle\dbhomeXE\bin;C:\Users\Chema y Bea\Desktop\java\jdk-18.0.2.1\bin;C:\Program Files\PuTTY\;C:\Program Files (x86)\NVIDIA Corporation\PhysX\Common;C:\Program Files\NVIDIA Corporation\NVIDIA NvDLISR;C:\WINDOWS\system32;C:\WINDOWS;C:\WINDOWS\System32\Wbem;C:\WINDOWS\System32\OpenSSH\;C:\WINDOWS\System32\WindowsPowerShell\v1.0\;C:\Program Files\MySQL\MySQL Shell 8.0\bin\;C:\Users\Chema y Bea\AppData\Local\Programs\Python\Python310;C:\Users\Chema y Bea\AppData\Local\Programs\Python\Python310\Scripts;C:\Users\Chema y Bea\AppData\Local\Microsoft\WindowsApps;;C:\WINDOWS\System32;
USERNAME=Chema y Bea
OS=Windows_NT
PROCESSOR_IDENTIFIER=AMD64 Family 23 Model 8 Stepping 2, AuthenticAMD
TMP=C:\Users\CHEMAY~1\AppData\Local\Temp
TEMP=C:\Users\CHEMAY~1\AppData\Local\Temp



---------------  S Y S T E M  ---------------

OS:
 Windows 10 , 64 bit Build 19041 (10.0.19041.3155)
OS uptime: 12 days 15:32 hours

CPU: total 12 (initial active 12) (12 cores per cpu, 2 threads per core) family 23 model 8 stepping 2 microcode 0x0, cx8, cmov, fxsr, ht, mmx, 3dnowpref, sse, sse2, sse3, ssse3, sse4a, sse4.1, sse4.2, popcnt, lzcnt, tsc, tscinvbit, avx, avx2, aes, clmul, bmi1, bmi2, adx, sha, fma, vzeroupper, clflush, clflushopt

Memory: 4k page, system-wide physical 16332M (6684M free)
TotalPageFile size 46053M (AvailPageFile size 71M)
current process WorkingSet (physical memory assigned to process): 10M, peak: 10M
current process commit charge ("private bytes"): 64M, peak: 320M

vm_info: OpenJDK 64-Bit Server VM (17.0.5+8) for windows-amd64 JRE (17.0.5+8), built on Oct 19 2022 04:48:13 by "temurin" with MS VC++ 16.7 (VS2019)

END.
